<Sep 24, 2016 8:58:10 AM EEST> <Warning> <netuix> <BEA-423420> <Redirect is executed in begin or refresh action. Redirect url is /console/console.portal?_nfpb=true&_pageLabel=AppDeploymentsControlPage.> 
<Sep 24, 2016 9:00:24 AM EEST> <Warning> <netuix> <BEA-423420> <Redirect is executed in begin or refresh action. Redirect url is /console/console.portal?_nfpb=true&_pageLabel=AppDeploymentsControlPage.> 
<Sep 24, 2016 9:00:58 AM EEST> <Warning> <Deployer> <BEA-149004> <Failures were detected while initiating deploy task for application "spring-boot-weblogic-jms-ear-1.0-SNAPSHOT".> 
<Sep 24, 2016 9:00:58 AM EEST> <Warning> <Deployer> <BEA-149078> <Stack trace for message 149004
weblogic.application.ModuleException: java.lang.IllegalStateException: No record found for selection of Trigger with key: 'DEFAULT.Sampler Trigger' and statement: SELECT * FROM QRTZ_SIMPLE_TRIGGERS WHERE SCHED_NAME = 'Demo Scheduler' AND TRIGGER_NAME = ? AND TRIGGER_GROUP = ?
	at weblogic.application.internal.ExtensibleModuleWrapper.start(ExtensibleModuleWrapper.java:140)
	at weblogic.application.internal.flow.ModuleListenerInvoker.start(ModuleListenerInvoker.java:124)
	at weblogic.application.internal.flow.ModuleStateDriver$3.next(ModuleStateDriver.java:216)
	at weblogic.application.internal.flow.ModuleStateDriver$3.next(ModuleStateDriver.java:211)
	at weblogic.application.utils.StateMachineDriver.nextState(StateMachineDriver.java:42)
	Truncated. see log file for complete stacktrace
Caused By: java.lang.IllegalStateException: No record found for selection of Trigger with key: 'DEFAULT.Sampler Trigger' and statement: SELECT * FROM QRTZ_SIMPLE_TRIGGERS WHERE SCHED_NAME = 'Demo Scheduler' AND TRIGGER_NAME = ? AND TRIGGER_GROUP = ?
	at org.quartz.impl.jdbcjobstore.SimpleTriggerPersistenceDelegate.loadExtendedTriggerProperties(SimpleTriggerPersistenceDelegate.java:95)
	at org.quartz.impl.jdbcjobstore.StdJDBCDelegate.selectTrigger(StdJDBCDelegate.java:1819)
	at org.quartz.impl.jdbcjobstore.JobStoreSupport.retrieveTrigger(JobStoreSupport.java:1531)
	at org.quartz.impl.jdbcjobstore.JobStoreSupport$12.execute(JobStoreSupport.java:1522)
	at org.quartz.impl.jdbcjobstore.JobStoreCMT.executeInLock(JobStoreCMT.java:245)
	Truncated. see log file for complete stacktrace
> 
<Sep 24, 2016 9:00:58 AM EEST> <Error> <Console> <BEA-240003> <Administration Console encountered the following error: weblogic.application.ModuleException: java.lang.IllegalStateException: No record found for selection of Trigger with key: 'DEFAULT.Sampler Trigger' and statement: SELECT * FROM QRTZ_SIMPLE_TRIGGERS WHERE SCHED_NAME = 'Demo Scheduler' AND TRIGGER_NAME = ? AND TRIGGER_GROUP = ?
	at weblogic.application.internal.ExtensibleModuleWrapper.start(ExtensibleModuleWrapper.java:140)
	at weblogic.application.internal.flow.ModuleListenerInvoker.start(ModuleListenerInvoker.java:124)
	at weblogic.application.internal.flow.ModuleStateDriver$3.next(ModuleStateDriver.java:216)
	at weblogic.application.internal.flow.ModuleStateDriver$3.next(ModuleStateDriver.java:211)
	at weblogic.application.utils.StateMachineDriver.nextState(StateMachineDriver.java:42)
	at weblogic.application.internal.flow.ModuleStateDriver.start(ModuleStateDriver.java:73)
	at weblogic.application.internal.flow.StartModulesFlow.activate(StartModulesFlow.java:24)
	at weblogic.application.internal.BaseDeployment$2.next(BaseDeployment.java:729)
	at weblogic.application.utils.StateMachineDriver.nextState(StateMachineDriver.java:42)
	at weblogic.application.internal.BaseDeployment.activate(BaseDeployment.java:258)
	at weblogic.application.internal.EarDeployment.activate(EarDeployment.java:61)
	at weblogic.application.internal.DeploymentStateChecker.activate(DeploymentStateChecker.java:165)
	at weblogic.deploy.internal.targetserver.AppContainerInvoker.activate(AppContainerInvoker.java:80)
	at weblogic.deploy.internal.targetserver.operations.AbstractOperation.activate(AbstractOperation.java:587)
	at weblogic.deploy.internal.targetserver.operations.ActivateOperation.activateDeployment(ActivateOperation.java:150)
	at weblogic.deploy.internal.targetserver.operations.ActivateOperation.doCommit(ActivateOperation.java:116)
	at weblogic.deploy.internal.targetserver.operations.AbstractOperation.commit(AbstractOperation.java:339)
	at weblogic.deploy.internal.targetserver.DeploymentManager.handleDeploymentCommit(DeploymentManager.java:846)
	at weblogic.deploy.internal.targetserver.DeploymentManager.activateDeploymentList(DeploymentManager.java:1275)
	at weblogic.deploy.internal.targetserver.DeploymentManager.handleCommit(DeploymentManager.java:442)
	at weblogic.deploy.internal.targetserver.DeploymentServiceDispatcher.commit(DeploymentServiceDispatcher.java:176)
	at weblogic.deploy.service.internal.targetserver.DeploymentReceiverCallbackDeliverer.doCommitCallback(DeploymentReceiverCallbackDeliverer.java:195)
	at weblogic.deploy.service.internal.targetserver.DeploymentReceiverCallbackDeliverer.access$100(DeploymentReceiverCallbackDeliverer.java:13)
	at weblogic.deploy.service.internal.targetserver.DeploymentReceiverCallbackDeliverer$2.run(DeploymentReceiverCallbackDeliverer.java:68)
	at weblogic.work.SelfTuningWorkManagerImpl$WorkAdapterImpl.run(SelfTuningWorkManagerImpl.java:553)
	at weblogic.work.ExecuteThread.execute(ExecuteThread.java:311)
	at weblogic.work.ExecuteThread.run(ExecuteThread.java:263)
Caused by: java.lang.IllegalStateException: No record found for selection of Trigger with key: 'DEFAULT.Sampler Trigger' and statement: SELECT * FROM QRTZ_SIMPLE_TRIGGERS WHERE SCHED_NAME = 'Demo Scheduler' AND TRIGGER_NAME = ? AND TRIGGER_GROUP = ?
	at org.quartz.impl.jdbcjobstore.SimpleTriggerPersistenceDelegate.loadExtendedTriggerProperties(SimpleTriggerPersistenceDelegate.java:95)
	at org.quartz.impl.jdbcjobstore.StdJDBCDelegate.selectTrigger(StdJDBCDelegate.java:1819)
	at org.quartz.impl.jdbcjobstore.JobStoreSupport.retrieveTrigger(JobStoreSupport.java:1531)
	at org.quartz.impl.jdbcjobstore.JobStoreSupport$12.execute(JobStoreSupport.java:1522)
	at org.quartz.impl.jdbcjobstore.JobStoreCMT.executeInLock(JobStoreCMT.java:245)
	at org.quartz.impl.jdbcjobstore.JobStoreSupport.executeWithoutLock(JobStoreSupport.java:3739)
	at org.quartz.impl.jdbcjobstore.JobStoreSupport.retrieveTrigger(JobStoreSupport.java:1519)
	at org.quartz.core.QuartzScheduler.getTrigger(QuartzScheduler.java:1530)
	at org.quartz.core.QuartzScheduler.rescheduleJob(QuartzScheduler.java:1126)
	at org.quartz.impl.StdScheduler.rescheduleJob(StdScheduler.java:321)
	at org.springframework.scheduling.quartz.SchedulerAccessor.addTriggerToScheduler(SchedulerAccessor.java:302)
	at org.springframework.scheduling.quartz.SchedulerAccessor.registerJobsAndTriggers(SchedulerAccessor.java:235)
	at org.springframework.scheduling.quartz.SchedulerFactoryBean.afterPropertiesSet(SchedulerFactoryBean.java:512)
	at org.springframework.beans.factory.support.AbstractAutowireCapableBeanFactory.invokeInitMethods(AbstractAutowireCapableBeanFactory.java:1642)
	at org.springframework.beans.factory.support.AbstractAutowireCapableBeanFactory.initializeBean(AbstractAutowireCapableBeanFactory.java:1579)
	at org.springframework.beans.factory.support.AbstractAutowireCapableBeanFactory.doCreateBean(AbstractAutowireCapableBeanFactory.java:545)
	at org.springframework.beans.factory.support.AbstractAutowireCapableBeanFactory.createBean(AbstractAutowireCapableBeanFactory.java:482)
	at org.springframework.beans.factory.support.AbstractBeanFactory$1.getObject(AbstractBeanFactory.java:306)
	at org.springframework.beans.factory.support.DefaultSingletonBeanRegistry.getSingleton(DefaultSingletonBeanRegistry.java:230)
	at org.springframework.beans.factory.support.AbstractBeanFactory.doGetBean(AbstractBeanFactory.java:302)
	at org.springframework.beans.factory.support.AbstractBeanFactory.getBean(AbstractBeanFactory.java:197)
	at org.springframework.beans.factory.support.DefaultListableBeanFactory.preInstantiateSingletons(DefaultListableBeanFactory.java:732)
	at org.springframework.context.support.AbstractApplicationContext.finishBeanFactoryInitialization(AbstractApplicationContext.java:861)
	at org.springframework.context.support.AbstractApplicationContext.refresh(AbstractApplicationContext.java:541)
	at org.springframework.boot.context.embedded.EmbeddedWebApplicationContext.refresh(EmbeddedWebApplicationContext.java:122)
	at org.springframework.boot.SpringApplication.refresh(SpringApplication.java:761)
	at org.springframework.boot.SpringApplication.refreshContext(SpringApplication.java:371)
	at org.springframework.boot.SpringApplication.run(SpringApplication.java:315)
	at org.springframework.boot.web.support.SpringBootServletInitializer.run(SpringBootServletInitializer.java:151)
	at org.springframework.boot.web.support.SpringBootServletInitializer.createRootApplicationContext(SpringBootServletInitializer.java:131)
	at org.springframework.boot.web.support.SpringBootServletInitializer.onStartup(SpringBootServletInitializer.java:86)
	at org.springframework.web.SpringServletContainerInitializer.onStartup(SpringServletContainerInitializer.java:169)
	at weblogic.servlet.internal.WebAppServletContext.initContainerInitializer(WebAppServletContext.java:1394)
	at weblogic.servlet.internal.WebAppServletContext.initContainerInitializers(WebAppServletContext.java:1331)
	at weblogic.servlet.internal.WebAppServletContext.initContainerInitializers(WebAppServletContext.java:1317)
	at weblogic.servlet.internal.WebAppServletContext.preloadResources(WebAppServletContext.java:1834)
	at weblogic.servlet.internal.WebAppServletContext.start(WebAppServletContext.java:2876)
	at weblogic.servlet.internal.WebAppModule.startContexts(WebAppModule.java:1661)
	at weblogic.servlet.internal.WebAppModule.start(WebAppModule.java:823)
	at weblogic.application.internal.ExtensibleModuleWrapper$StartStateChange.next(ExtensibleModuleWrapper.java:360)
	at weblogic.application.internal.ExtensibleModuleWrapper$StartStateChange.next(ExtensibleModuleWrapper.java:356)
	at weblogic.application.utils.StateMachineDriver.nextState(StateMachineDriver.java:42)
	at weblogic.application.internal.ExtensibleModuleWrapper.start(ExtensibleModuleWrapper.java:138)
> 

