####<Sep 24, 2016 8:55:19 AM EEST> <Info> <JDBC> <w530> <Server-1> <[ACTIVE] ExecuteThread: '0' for queue: 'weblogic.kernel.Default (self-tuning)'> <<WLS Kernel>> <> <> <1474696519031> <BEA-001177> <Creating data source connection pool named JDBC Data Source-0, URL = jdbc:oracle:thin:@localhost:49161:xe, Properties = user=system;.> 
####<Sep 24, 2016 8:55:19 AM EEST> <Info> <Common> <w530> <Server-1> <[ACTIVE] ExecuteThread: '0' for queue: 'weblogic.kernel.Default (self-tuning)'> <<WLS Kernel>> <> <> <1474696519032> <BEA-000626> <Free resources in pool "JDBC Data Source-0" will be tested every "120" seconds.> 
####<Sep 24, 2016 8:55:19 AM EEST> <Info> <JDBC> <w530> <Server-1> <[ACTIVE] ExecuteThread: '0' for queue: 'weblogic.kernel.Default (self-tuning)'> <<WLS Kernel>> <> <> <1474696519061> <BEA-001516> <Data source connection pool "JDBC Data Source-0" connected to Database: "Oracle", Version: "Oracle Database 11g Express Edition Release 11.2.0.2.0 - 64bit Production".> 
####<Sep 24, 2016 8:55:19 AM EEST> <Info> <JDBC> <w530> <Server-1> <[ACTIVE] ExecuteThread: '0' for queue: 'weblogic.kernel.Default (self-tuning)'> <<WLS Kernel>> <> <> <1474696519061> <BEA-001517> <Data source connection pool "JDBC Data Source-0" using Driver: "Oracle JDBC driver", Version: "12.1.0.2.0".> 
####<Sep 24, 2016 8:55:19 AM EEST> <Info> <Common> <w530> <Server-1> <[ACTIVE] ExecuteThread: '0' for queue: 'weblogic.kernel.Default (self-tuning)'> <<WLS Kernel>> <> <> <1474696519063> <BEA-000628> <Created "1" resources for pool "JDBC Data Source-0", out of which "1" are available and "0" are unavailable.> 
####<Sep 24, 2016 8:55:19 AM EEST> <Info> <Common> <w530> <Server-1> <[ACTIVE] ExecuteThread: '0' for queue: 'weblogic.kernel.Default (self-tuning)'> <<WLS Kernel>> <> <> <1474696519063> <BEA-000640> <Resource Pool "JDBC Data Source-0" resuming by external command (multi data source or console or other).> 
####<Sep 24, 2016 8:55:19 AM EEST> <Info> <JDBC> <w530> <Server-1> <[ACTIVE] ExecuteThread: '0' for queue: 'weblogic.kernel.Default (self-tuning)'> <<WLS Kernel>> <> <> <1474696519064> <BEA-001124> <Created Connection Pool named JDBC Data Source-0.> 
####<Sep 24, 2016 8:55:19 AM EEST> <Info> <Common> <w530> <Server-1> <[ACTIVE] ExecuteThread: '0' for queue: 'weblogic.kernel.Default (self-tuning)'> <<WLS Kernel>> <> <> <1474696519064> <BEA-000638> <Resource Pool "JDBC Data Source-0" is being suspended by an external command (multi data source or console or other).> 
####<Sep 24, 2016 8:55:19 AM EEST> <Info> <Common> <w530> <Server-1> <[ACTIVE] ExecuteThread: '0' for queue: 'weblogic.kernel.Default (self-tuning)'> <<WLS Kernel>> <> <> <1474696519105> <BEA-000640> <Resource Pool "JDBC Data Source-0" resuming by external command (multi data source or console or other).> 
####<Sep 24, 2016 8:55:19 AM EEST> <Info> <JDBC> <w530> <Server-1> <[ACTIVE] ExecuteThread: '0' for queue: 'weblogic.kernel.Default (self-tuning)'> <<WLS Kernel>> <> <> <1474696519105> <BEA-001174> <Creating data source named JDBC Data Source-0, JNDI Name = jndi/demo.> 
####<Sep 24, 2016 8:55:19 AM EEST> <Info> <JDBC> <w530> <Server-1> <[ACTIVE] ExecuteThread: '0' for queue: 'weblogic.kernel.Default (self-tuning)'> <<WLS Kernel>> <> <> <1474696519152> <BEA-001512> <Data source JDBC Data Source-0 has been successfully created.> 
####<Sep 24, 2016 8:56:45 AM EEST> <Info> <Deployer> <w530> <Server-1> <[ACTIVE] ExecuteThread: '0' for queue: 'weblogic.kernel.Default (self-tuning)'> <<WLS Kernel>> <> <> <1474696605340> <BEA-149059> <Module /jms-demo of application spring-boot-weblogic-jms-ear-1.0-SNAPSHOT is transitioning from STATE_NEW to STATE_PREPARED on server Server-1.> 
####<Sep 24, 2016 8:56:45 AM EEST> <Info> <Deployer> <w530> <Server-1> <[ACTIVE] ExecuteThread: '0' for queue: 'weblogic.kernel.Default (self-tuning)'> <<WLS Kernel>> <> <> <1474696605416> <BEA-149060> <Module /jms-demo of application spring-boot-weblogic-jms-ear-1.0-SNAPSHOT successfully transitioned from STATE_NEW to STATE_PREPARED on server Server-1.> 
####<Sep 24, 2016 8:56:45 AM EEST> <Info> <Deployer> <w530> <Server-1> <[STANDBY] ExecuteThread: '1' for queue: 'weblogic.kernel.Default (self-tuning)'> <<WLS Kernel>> <> <> <1474696605537> <BEA-149059> <Module /jms-demo of application spring-boot-weblogic-jms-ear-1.0-SNAPSHOT is transitioning from STATE_PREPARED to STATE_ADMIN on server Server-1.> 
####<Sep 24, 2016 8:56:45 AM EEST> <Info> <org.hibernate.validator.engine.resolver.DefaultTraversableResolver> <w530> <Server-1> <[STANDBY] ExecuteThread: '1' for queue: 'weblogic.kernel.Default (self-tuning)'> <<WLS Kernel>> <> <> <1474696605668> <BEA-000000> <Instantiated an instance of org.hibernate.validator.engine.resolver.JPATraversableResolver.> 
####<Sep 24, 2016 8:56:45 AM EEST> <Info> <Deployer> <w530> <Server-1> <[STANDBY] ExecuteThread: '1' for queue: 'weblogic.kernel.Default (self-tuning)'> <<WLS Kernel>> <> <> <1474696605682> <BEA-149060> <Module /jms-demo of application spring-boot-weblogic-jms-ear-1.0-SNAPSHOT successfully transitioned from STATE_PREPARED to STATE_ADMIN on server Server-1.> 
####<Sep 24, 2016 8:56:47 AM EEST> <Info> <ServletContext-/jms-demo> <w530> <Server-1> <[STANDBY] ExecuteThread: '1' for queue: 'weblogic.kernel.Default (self-tuning)'> <<WLS Kernel>> <> <> <1474696607149> <BEA-000000> <2 Spring WebApplicationInitializers detected on classpath> 
####<Sep 24, 2016 8:56:48 AM EEST> <Info> <org.hibernate.validator.engine.resolver.DefaultTraversableResolver> <w530> <Server-1> <background-preinit> <<anonymous>> <> <> <1474696608155> <BEA-000000> <Instantiated an instance of org.hibernate.validator.engine.resolver.JPATraversableResolver.> 
####<Sep 24, 2016 8:56:50 AM EEST> <Info> <ServletContext-/jms-demo> <w530> <Server-1> <[STANDBY] ExecuteThread: '1' for queue: 'weblogic.kernel.Default (self-tuning)'> <<WLS Kernel>> <> <> <1474696610755> <BEA-000000> <Initializing Spring embedded WebApplicationContext> 
####<Sep 24, 2016 8:56:50 AM EEST> <Info> <org.hibernate.validator.engine.resolver.DefaultTraversableResolver> <w530> <Server-1> <[STANDBY] ExecuteThread: '1' for queue: 'weblogic.kernel.Default (self-tuning)'> <<WLS Kernel>> <> <> <1474696610794> <BEA-000000> <Instantiated an instance of org.hibernate.validator.engine.resolver.JPATraversableResolver.> 
####<Sep 24, 2016 8:56:52 AM EEST> <Info> <org.hibernate.validator.engine.resolver.DefaultTraversableResolver> <w530> <Server-1> <[STANDBY] ExecuteThread: '1' for queue: 'weblogic.kernel.Default (self-tuning)'> <<WLS Kernel>> <> <> <1474696612623> <BEA-000000> <Instantiated an instance of org.hibernate.validator.engine.resolver.JPATraversableResolver.> 
####<Sep 24, 2016 8:56:53 AM EEST> <Info> <org.hibernate.validator.engine.resolver.DefaultTraversableResolver> <w530> <Server-1> <[STANDBY] ExecuteThread: '1' for queue: 'weblogic.kernel.Default (self-tuning)'> <<WLS Kernel>> <> <> <1474696613449> <BEA-000000> <Instantiated an instance of org.hibernate.validator.engine.resolver.JPATraversableResolver.> 
####<Sep 24, 2016 8:56:54 AM EEST> <Info> <Common> <w530> <Server-1> <QuartzScheduler_Demo Scheduler-w5301474696612763_MisfireHandler> <<anonymous>> <> <> <1474696614652> <BEA-000628> <Created "1" resources for pool "JDBC Data Source-0", out of which "1" are available and "0" are unavailable.> 
####<Sep 24, 2016 8:56:55 AM EEST> <Info> <Deployer> <w530> <Server-1> <[STANDBY] ExecuteThread: '1' for queue: 'weblogic.kernel.Default (self-tuning)'> <<WLS Kernel>> <> <> <1474696615019> <BEA-149059> <Module /jms-demo of application spring-boot-weblogic-jms-ear-1.0-SNAPSHOT is transitioning from STATE_ADMIN to STATE_ACTIVE on server Server-1.> 
####<Sep 24, 2016 8:56:55 AM EEST> <Info> <Deployer> <w530> <Server-1> <[STANDBY] ExecuteThread: '1' for queue: 'weblogic.kernel.Default (self-tuning)'> <<WLS Kernel>> <> <> <1474696615020> <BEA-149060> <Module /jms-demo of application spring-boot-weblogic-jms-ear-1.0-SNAPSHOT successfully transitioned from STATE_ADMIN to STATE_ACTIVE on server Server-1.> 
####<Sep 24, 2016 8:57:11 AM EEST> <Info> <Deployer> <w530> <Server-1> <[STANDBY] ExecuteThread: '3' for queue: 'weblogic.kernel.Default (self-tuning)'> <<WLS Kernel>> <> <> <1474696631647> <BEA-149059> <Module /jms-demo of application spring-boot-weblogic-jms-ear-1.0-SNAPSHOT is transitioning from STATE_ACTIVE to STATE_ADMIN on server Server-1.> 
####<Sep 24, 2016 8:57:11 AM EEST> <Info> <Deployer> <w530> <Server-1> <[STANDBY] ExecuteThread: '3' for queue: 'weblogic.kernel.Default (self-tuning)'> <<WLS Kernel>> <> <> <1474696631648> <BEA-149060> <Module /jms-demo of application spring-boot-weblogic-jms-ear-1.0-SNAPSHOT successfully transitioned from STATE_ACTIVE to STATE_ADMIN on server Server-1.> 
####<Sep 24, 2016 8:57:11 AM EEST> <Info> <Deployer> <w530> <Server-1> <[STANDBY] ExecuteThread: '3' for queue: 'weblogic.kernel.Default (self-tuning)'> <<WLS Kernel>> <> <> <1474696631648> <BEA-149059> <Module /jms-demo of application spring-boot-weblogic-jms-ear-1.0-SNAPSHOT is transitioning from STATE_ADMIN to STATE_PREPARED on server Server-1.> 
####<Sep 24, 2016 8:57:11 AM EEST> <Info> <ServletContext-/jms-demo> <w530> <Server-1> <[STANDBY] ExecuteThread: '3' for queue: 'weblogic.kernel.Default (self-tuning)'> <admin> <> <> <1474696631649> <BEA-000000> <Closing Spring root WebApplicationContext> 
####<Sep 24, 2016 8:57:11 AM EEST> <Info> <Deployer> <w530> <Server-1> <[STANDBY] ExecuteThread: '3' for queue: 'weblogic.kernel.Default (self-tuning)'> <<WLS Kernel>> <> <> <1474696631679> <BEA-149060> <Module /jms-demo of application spring-boot-weblogic-jms-ear-1.0-SNAPSHOT successfully transitioned from STATE_ADMIN to STATE_PREPARED on server Server-1.> 
####<Sep 24, 2016 8:57:11 AM EEST> <Info> <Deployer> <w530> <Server-1> <[STANDBY] ExecuteThread: '3' for queue: 'weblogic.kernel.Default (self-tuning)'> <<WLS Kernel>> <> <> <1474696631685> <BEA-149059> <Module /jms-demo of application spring-boot-weblogic-jms-ear-1.0-SNAPSHOT is transitioning from STATE_PREPARED to STATE_NEW on server Server-1.> 
####<Sep 24, 2016 8:57:11 AM EEST> <Info> <Deployer> <w530> <Server-1> <[STANDBY] ExecuteThread: '3' for queue: 'weblogic.kernel.Default (self-tuning)'> <<WLS Kernel>> <> <> <1474696631690> <BEA-149060> <Module /jms-demo of application spring-boot-weblogic-jms-ear-1.0-SNAPSHOT successfully transitioned from STATE_PREPARED to STATE_NEW on server Server-1.> 
####<Sep 24, 2016 8:57:38 AM EEST> <Info> <Health> <w530> <Server-1> <weblogic.GCMonitor> <<anonymous>> <> <> <1474696658475> <BEA-310002> <54% of the total memory in the server is free.> 
####<Sep 24, 2016 8:57:40 AM EEST> <Info> <Deployer> <w530> <Server-1> <[ACTIVE] ExecuteThread: '0' for queue: 'weblogic.kernel.Default (self-tuning)'> <<WLS Kernel>> <> <> <1474696660271> <BEA-149059> <Module /jms-demo of application spring-boot-weblogic-jms-ear-1.0-SNAPSHOT is transitioning from STATE_NEW to STATE_PREPARED on server Server-1.> 
####<Sep 24, 2016 8:57:40 AM EEST> <Info> <Deployer> <w530> <Server-1> <[ACTIVE] ExecuteThread: '0' for queue: 'weblogic.kernel.Default (self-tuning)'> <<WLS Kernel>> <> <> <1474696660335> <BEA-149060> <Module /jms-demo of application spring-boot-weblogic-jms-ear-1.0-SNAPSHOT successfully transitioned from STATE_NEW to STATE_PREPARED on server Server-1.> 
####<Sep 24, 2016 8:57:40 AM EEST> <Info> <Deployer> <w530> <Server-1> <[STANDBY] ExecuteThread: '5' for queue: 'weblogic.kernel.Default (self-tuning)'> <<WLS Kernel>> <> <> <1474696660415> <BEA-149059> <Module /jms-demo of application spring-boot-weblogic-jms-ear-1.0-SNAPSHOT is transitioning from STATE_PREPARED to STATE_ADMIN on server Server-1.> 
####<Sep 24, 2016 8:57:40 AM EEST> <Info> <org.hibernate.validator.engine.resolver.DefaultTraversableResolver> <w530> <Server-1> <[STANDBY] ExecuteThread: '5' for queue: 'weblogic.kernel.Default (self-tuning)'> <<WLS Kernel>> <> <> <1474696660448> <BEA-000000> <Instantiated an instance of org.hibernate.validator.engine.resolver.JPATraversableResolver.> 
####<Sep 24, 2016 8:57:40 AM EEST> <Info> <Deployer> <w530> <Server-1> <[STANDBY] ExecuteThread: '5' for queue: 'weblogic.kernel.Default (self-tuning)'> <<WLS Kernel>> <> <> <1474696660449> <BEA-149060> <Module /jms-demo of application spring-boot-weblogic-jms-ear-1.0-SNAPSHOT successfully transitioned from STATE_PREPARED to STATE_ADMIN on server Server-1.> 
####<Sep 24, 2016 8:57:42 AM EEST> <Info> <ServletContext-/jms-demo> <w530> <Server-1> <[STANDBY] ExecuteThread: '5' for queue: 'weblogic.kernel.Default (self-tuning)'> <<WLS Kernel>> <> <> <1474696662017> <BEA-000000> <2 Spring WebApplicationInitializers detected on classpath> 
####<Sep 24, 2016 8:57:43 AM EEST> <Info> <org.hibernate.validator.engine.resolver.DefaultTraversableResolver> <w530> <Server-1> <background-preinit> <<anonymous>> <> <> <1474696663018> <BEA-000000> <Instantiated an instance of org.hibernate.validator.engine.resolver.JPATraversableResolver.> 
####<Sep 24, 2016 8:57:46 AM EEST> <Info> <ServletContext-/jms-demo> <w530> <Server-1> <[STANDBY] ExecuteThread: '5' for queue: 'weblogic.kernel.Default (self-tuning)'> <<WLS Kernel>> <> <> <1474696666481> <BEA-000000> <Initializing Spring embedded WebApplicationContext> 
####<Sep 24, 2016 8:57:46 AM EEST> <Info> <org.hibernate.validator.engine.resolver.DefaultTraversableResolver> <w530> <Server-1> <[STANDBY] ExecuteThread: '5' for queue: 'weblogic.kernel.Default (self-tuning)'> <<WLS Kernel>> <> <> <1474696666562> <BEA-000000> <Instantiated an instance of org.hibernate.validator.engine.resolver.JPATraversableResolver.> 
####<Sep 24, 2016 8:57:48 AM EEST> <Info> <org.hibernate.validator.engine.resolver.DefaultTraversableResolver> <w530> <Server-1> <[STANDBY] ExecuteThread: '5' for queue: 'weblogic.kernel.Default (self-tuning)'> <<WLS Kernel>> <> <> <1474696668602> <BEA-000000> <Instantiated an instance of org.hibernate.validator.engine.resolver.JPATraversableResolver.> 
####<Sep 24, 2016 8:57:49 AM EEST> <Info> <org.hibernate.validator.engine.resolver.DefaultTraversableResolver> <w530> <Server-1> <[STANDBY] ExecuteThread: '5' for queue: 'weblogic.kernel.Default (self-tuning)'> <<WLS Kernel>> <> <> <1474696669751> <BEA-000000> <Instantiated an instance of org.hibernate.validator.engine.resolver.JPATraversableResolver.> 
####<Sep 24, 2016 8:57:51 AM EEST> <Info> <Deployer> <w530> <Server-1> <[STANDBY] ExecuteThread: '5' for queue: 'weblogic.kernel.Default (self-tuning)'> <<WLS Kernel>> <> <> <1474696671843> <BEA-149059> <Module /jms-demo of application spring-boot-weblogic-jms-ear-1.0-SNAPSHOT is transitioning from STATE_ADMIN to STATE_ACTIVE on server Server-1.> 
####<Sep 24, 2016 8:57:51 AM EEST> <Info> <Deployer> <w530> <Server-1> <[STANDBY] ExecuteThread: '5' for queue: 'weblogic.kernel.Default (self-tuning)'> <<WLS Kernel>> <> <> <1474696671844> <BEA-149060> <Module /jms-demo of application spring-boot-weblogic-jms-ear-1.0-SNAPSHOT successfully transitioned from STATE_ADMIN to STATE_ACTIVE on server Server-1.> 
####<Sep 24, 2016 8:58:10 AM EEST> <Info> <Deployer> <w530> <Server-1> <[STANDBY] ExecuteThread: '7' for queue: 'weblogic.kernel.Default (self-tuning)'> <<WLS Kernel>> <> <> <1474696690723> <BEA-149059> <Module /jms-demo of application spring-boot-weblogic-jms-ear-1.0-SNAPSHOT is transitioning from STATE_ACTIVE to STATE_ADMIN on server Server-1.> 
####<Sep 24, 2016 8:58:10 AM EEST> <Info> <Deployer> <w530> <Server-1> <[STANDBY] ExecuteThread: '7' for queue: 'weblogic.kernel.Default (self-tuning)'> <<WLS Kernel>> <> <> <1474696690724> <BEA-149060> <Module /jms-demo of application spring-boot-weblogic-jms-ear-1.0-SNAPSHOT successfully transitioned from STATE_ACTIVE to STATE_ADMIN on server Server-1.> 
####<Sep 24, 2016 8:58:10 AM EEST> <Info> <Deployer> <w530> <Server-1> <[STANDBY] ExecuteThread: '7' for queue: 'weblogic.kernel.Default (self-tuning)'> <<WLS Kernel>> <> <> <1474696690733> <BEA-149059> <Module /jms-demo of application spring-boot-weblogic-jms-ear-1.0-SNAPSHOT is transitioning from STATE_ADMIN to STATE_PREPARED on server Server-1.> 
####<Sep 24, 2016 8:58:10 AM EEST> <Info> <ServletContext-/jms-demo> <w530> <Server-1> <[STANDBY] ExecuteThread: '7' for queue: 'weblogic.kernel.Default (self-tuning)'> <admin> <> <> <1474696690738> <BEA-000000> <Closing Spring root WebApplicationContext> 
####<Sep 24, 2016 8:58:10 AM EEST> <Info> <Deployer> <w530> <Server-1> <[STANDBY] ExecuteThread: '7' for queue: 'weblogic.kernel.Default (self-tuning)'> <<WLS Kernel>> <> <> <1474696690752> <BEA-149060> <Module /jms-demo of application spring-boot-weblogic-jms-ear-1.0-SNAPSHOT successfully transitioned from STATE_ADMIN to STATE_PREPARED on server Server-1.> 
####<Sep 24, 2016 8:58:10 AM EEST> <Info> <Deployer> <w530> <Server-1> <[STANDBY] ExecuteThread: '7' for queue: 'weblogic.kernel.Default (self-tuning)'> <<WLS Kernel>> <> <> <1474696690754> <BEA-149059> <Module /jms-demo of application spring-boot-weblogic-jms-ear-1.0-SNAPSHOT is transitioning from STATE_PREPARED to STATE_NEW on server Server-1.> 
####<Sep 24, 2016 8:58:10 AM EEST> <Info> <Deployer> <w530> <Server-1> <[STANDBY] ExecuteThread: '7' for queue: 'weblogic.kernel.Default (self-tuning)'> <<WLS Kernel>> <> <> <1474696690756> <BEA-149060> <Module /jms-demo of application spring-boot-weblogic-jms-ear-1.0-SNAPSHOT successfully transitioned from STATE_PREPARED to STATE_NEW on server Server-1.> 
####<Sep 24, 2016 8:58:38 AM EEST> <Info> <Health> <w530> <Server-1> <weblogic.GCMonitor> <<anonymous>> <> <> <1474696718475> <BEA-310002> <42% of the total memory in the server is free.> 
####<Sep 24, 2016 8:59:56 AM EEST> <Info> <Deployer> <w530> <Server-1> <[ACTIVE] ExecuteThread: '4' for queue: 'weblogic.kernel.Default (self-tuning)'> <<WLS Kernel>> <> <> <1474696796851> <BEA-149059> <Module /jms-demo of application spring-boot-weblogic-jms-ear-1.0-SNAPSHOT is transitioning from STATE_NEW to STATE_PREPARED on server Server-1.> 
####<Sep 24, 2016 8:59:56 AM EEST> <Info> <Deployer> <w530> <Server-1> <[ACTIVE] ExecuteThread: '4' for queue: 'weblogic.kernel.Default (self-tuning)'> <<WLS Kernel>> <> <> <1474696796912> <BEA-149060> <Module /jms-demo of application spring-boot-weblogic-jms-ear-1.0-SNAPSHOT successfully transitioned from STATE_NEW to STATE_PREPARED on server Server-1.> 
####<Sep 24, 2016 8:59:57 AM EEST> <Info> <Deployer> <w530> <Server-1> <[STANDBY] ExecuteThread: '7' for queue: 'weblogic.kernel.Default (self-tuning)'> <<WLS Kernel>> <> <> <1474696797149> <BEA-149059> <Module /jms-demo of application spring-boot-weblogic-jms-ear-1.0-SNAPSHOT is transitioning from STATE_PREPARED to STATE_ADMIN on server Server-1.> 
####<Sep 24, 2016 8:59:57 AM EEST> <Info> <org.hibernate.validator.engine.resolver.DefaultTraversableResolver> <w530> <Server-1> <[STANDBY] ExecuteThread: '7' for queue: 'weblogic.kernel.Default (self-tuning)'> <<WLS Kernel>> <> <> <1474696797169> <BEA-000000> <Instantiated an instance of org.hibernate.validator.engine.resolver.JPATraversableResolver.> 
####<Sep 24, 2016 8:59:57 AM EEST> <Info> <Deployer> <w530> <Server-1> <[STANDBY] ExecuteThread: '7' for queue: 'weblogic.kernel.Default (self-tuning)'> <<WLS Kernel>> <> <> <1474696797170> <BEA-149060> <Module /jms-demo of application spring-boot-weblogic-jms-ear-1.0-SNAPSHOT successfully transitioned from STATE_PREPARED to STATE_ADMIN on server Server-1.> 
####<Sep 24, 2016 8:59:57 AM EEST> <Info> <Health> <w530> <Server-1> <weblogic.GCMonitor> <<anonymous>> <> <> <1474696797498> <BEA-310002> <77% of the total memory in the server is free.> 
####<Sep 24, 2016 8:59:58 AM EEST> <Info> <ServletContext-/jms-demo> <w530> <Server-1> <[STANDBY] ExecuteThread: '7' for queue: 'weblogic.kernel.Default (self-tuning)'> <<WLS Kernel>> <> <> <1474696798010> <BEA-000000> <2 Spring WebApplicationInitializers detected on classpath> 
####<Sep 24, 2016 8:59:58 AM EEST> <Info> <org.hibernate.validator.engine.resolver.DefaultTraversableResolver> <w530> <Server-1> <background-preinit> <<anonymous>> <> <> <1474696798581> <BEA-000000> <Instantiated an instance of org.hibernate.validator.engine.resolver.JPATraversableResolver.> 
####<Sep 24, 2016 9:00:00 AM EEST> <Info> <ServletContext-/jms-demo> <w530> <Server-1> <[STANDBY] ExecuteThread: '7' for queue: 'weblogic.kernel.Default (self-tuning)'> <<WLS Kernel>> <> <> <1474696800556> <BEA-000000> <Initializing Spring embedded WebApplicationContext> 
####<Sep 24, 2016 9:00:00 AM EEST> <Info> <org.hibernate.validator.engine.resolver.DefaultTraversableResolver> <w530> <Server-1> <[STANDBY] ExecuteThread: '7' for queue: 'weblogic.kernel.Default (self-tuning)'> <<WLS Kernel>> <> <> <1474696800587> <BEA-000000> <Instantiated an instance of org.hibernate.validator.engine.resolver.JPATraversableResolver.> 
####<Sep 24, 2016 9:00:01 AM EEST> <Info> <org.hibernate.validator.engine.resolver.DefaultTraversableResolver> <w530> <Server-1> <[STANDBY] ExecuteThread: '7' for queue: 'weblogic.kernel.Default (self-tuning)'> <<WLS Kernel>> <> <> <1474696801966> <BEA-000000> <Instantiated an instance of org.hibernate.validator.engine.resolver.JPATraversableResolver.> 
####<Sep 24, 2016 9:00:02 AM EEST> <Info> <org.hibernate.validator.engine.resolver.DefaultTraversableResolver> <w530> <Server-1> <[STANDBY] ExecuteThread: '7' for queue: 'weblogic.kernel.Default (self-tuning)'> <<WLS Kernel>> <> <> <1474696802715> <BEA-000000> <Instantiated an instance of org.hibernate.validator.engine.resolver.JPATraversableResolver.> 
####<Sep 24, 2016 9:00:04 AM EEST> <Info> <Deployer> <w530> <Server-1> <[STANDBY] ExecuteThread: '7' for queue: 'weblogic.kernel.Default (self-tuning)'> <<WLS Kernel>> <> <> <1474696804023> <BEA-149059> <Module /jms-demo of application spring-boot-weblogic-jms-ear-1.0-SNAPSHOT is transitioning from STATE_ADMIN to STATE_ACTIVE on server Server-1.> 
####<Sep 24, 2016 9:00:04 AM EEST> <Info> <Deployer> <w530> <Server-1> <[STANDBY] ExecuteThread: '7' for queue: 'weblogic.kernel.Default (self-tuning)'> <<WLS Kernel>> <> <> <1474696804024> <BEA-149060> <Module /jms-demo of application spring-boot-weblogic-jms-ear-1.0-SNAPSHOT successfully transitioned from STATE_ADMIN to STATE_ACTIVE on server Server-1.> 
####<Sep 24, 2016 9:00:24 AM EEST> <Info> <Deployer> <w530> <Server-1> <[STANDBY] ExecuteThread: '3' for queue: 'weblogic.kernel.Default (self-tuning)'> <<WLS Kernel>> <> <> <1474696824000> <BEA-149059> <Module /jms-demo of application spring-boot-weblogic-jms-ear-1.0-SNAPSHOT is transitioning from STATE_ACTIVE to STATE_ADMIN on server Server-1.> 
####<Sep 24, 2016 9:00:24 AM EEST> <Info> <Deployer> <w530> <Server-1> <[STANDBY] ExecuteThread: '3' for queue: 'weblogic.kernel.Default (self-tuning)'> <<WLS Kernel>> <> <> <1474696824000> <BEA-149060> <Module /jms-demo of application spring-boot-weblogic-jms-ear-1.0-SNAPSHOT successfully transitioned from STATE_ACTIVE to STATE_ADMIN on server Server-1.> 
####<Sep 24, 2016 9:00:24 AM EEST> <Info> <Deployer> <w530> <Server-1> <[STANDBY] ExecuteThread: '3' for queue: 'weblogic.kernel.Default (self-tuning)'> <<WLS Kernel>> <> <> <1474696824001> <BEA-149059> <Module /jms-demo of application spring-boot-weblogic-jms-ear-1.0-SNAPSHOT is transitioning from STATE_ADMIN to STATE_PREPARED on server Server-1.> 
####<Sep 24, 2016 9:00:24 AM EEST> <Info> <ServletContext-/jms-demo> <w530> <Server-1> <[STANDBY] ExecuteThread: '3' for queue: 'weblogic.kernel.Default (self-tuning)'> <admin> <> <> <1474696824002> <BEA-000000> <Closing Spring root WebApplicationContext> 
####<Sep 24, 2016 9:00:24 AM EEST> <Info> <Deployer> <w530> <Server-1> <[STANDBY] ExecuteThread: '3' for queue: 'weblogic.kernel.Default (self-tuning)'> <<WLS Kernel>> <> <> <1474696824016> <BEA-149060> <Module /jms-demo of application spring-boot-weblogic-jms-ear-1.0-SNAPSHOT successfully transitioned from STATE_ADMIN to STATE_PREPARED on server Server-1.> 
####<Sep 24, 2016 9:00:24 AM EEST> <Info> <Deployer> <w530> <Server-1> <[STANDBY] ExecuteThread: '3' for queue: 'weblogic.kernel.Default (self-tuning)'> <<WLS Kernel>> <> <> <1474696824019> <BEA-149059> <Module /jms-demo of application spring-boot-weblogic-jms-ear-1.0-SNAPSHOT is transitioning from STATE_PREPARED to STATE_NEW on server Server-1.> 
####<Sep 24, 2016 9:00:24 AM EEST> <Info> <Deployer> <w530> <Server-1> <[STANDBY] ExecuteThread: '3' for queue: 'weblogic.kernel.Default (self-tuning)'> <<WLS Kernel>> <> <> <1474696824022> <BEA-149060> <Module /jms-demo of application spring-boot-weblogic-jms-ear-1.0-SNAPSHOT successfully transitioned from STATE_PREPARED to STATE_NEW on server Server-1.> 
####<Sep 24, 2016 9:00:50 AM EEST> <Info> <Deployer> <w530> <Server-1> <[ACTIVE] ExecuteThread: '0' for queue: 'weblogic.kernel.Default (self-tuning)'> <<WLS Kernel>> <> <> <1474696850868> <BEA-149059> <Module /jms-demo of application spring-boot-weblogic-jms-ear-1.0-SNAPSHOT is transitioning from STATE_NEW to STATE_PREPARED on server Server-1.> 
####<Sep 24, 2016 9:00:50 AM EEST> <Info> <Deployer> <w530> <Server-1> <[ACTIVE] ExecuteThread: '0' for queue: 'weblogic.kernel.Default (self-tuning)'> <<WLS Kernel>> <> <> <1474696850934> <BEA-149060> <Module /jms-demo of application spring-boot-weblogic-jms-ear-1.0-SNAPSHOT successfully transitioned from STATE_NEW to STATE_PREPARED on server Server-1.> 
####<Sep 24, 2016 9:00:50 AM EEST> <Info> <Deployer> <w530> <Server-1> <[STANDBY] ExecuteThread: '5' for queue: 'weblogic.kernel.Default (self-tuning)'> <<WLS Kernel>> <> <> <1474696850968> <BEA-149059> <Module /jms-demo of application spring-boot-weblogic-jms-ear-1.0-SNAPSHOT is transitioning from STATE_PREPARED to STATE_ADMIN on server Server-1.> 
####<Sep 24, 2016 9:00:51 AM EEST> <Info> <org.hibernate.validator.engine.resolver.DefaultTraversableResolver> <w530> <Server-1> <[STANDBY] ExecuteThread: '5' for queue: 'weblogic.kernel.Default (self-tuning)'> <<WLS Kernel>> <> <> <1474696851004> <BEA-000000> <Instantiated an instance of org.hibernate.validator.engine.resolver.JPATraversableResolver.> 
####<Sep 24, 2016 9:00:51 AM EEST> <Info> <Deployer> <w530> <Server-1> <[STANDBY] ExecuteThread: '5' for queue: 'weblogic.kernel.Default (self-tuning)'> <<WLS Kernel>> <> <> <1474696851006> <BEA-149060> <Module /jms-demo of application spring-boot-weblogic-jms-ear-1.0-SNAPSHOT successfully transitioned from STATE_PREPARED to STATE_ADMIN on server Server-1.> 
####<Sep 24, 2016 9:00:51 AM EEST> <Info> <ServletContext-/jms-demo> <w530> <Server-1> <[STANDBY] ExecuteThread: '5' for queue: 'weblogic.kernel.Default (self-tuning)'> <<WLS Kernel>> <> <> <1474696851683> <BEA-000000> <2 Spring WebApplicationInitializers detected on classpath> 
####<Sep 24, 2016 9:00:52 AM EEST> <Info> <org.hibernate.validator.engine.resolver.DefaultTraversableResolver> <w530> <Server-1> <background-preinit> <<anonymous>> <> <> <1474696852304> <BEA-000000> <Instantiated an instance of org.hibernate.validator.engine.resolver.JPATraversableResolver.> 
####<Sep 24, 2016 9:00:54 AM EEST> <Info> <ServletContext-/jms-demo> <w530> <Server-1> <[STANDBY] ExecuteThread: '5' for queue: 'weblogic.kernel.Default (self-tuning)'> <<WLS Kernel>> <> <> <1474696854433> <BEA-000000> <Initializing Spring embedded WebApplicationContext> 
####<Sep 24, 2016 9:00:54 AM EEST> <Info> <org.hibernate.validator.engine.resolver.DefaultTraversableResolver> <w530> <Server-1> <[STANDBY] ExecuteThread: '5' for queue: 'weblogic.kernel.Default (self-tuning)'> <<WLS Kernel>> <> <> <1474696854461> <BEA-000000> <Instantiated an instance of org.hibernate.validator.engine.resolver.JPATraversableResolver.> 
####<Sep 24, 2016 9:00:55 AM EEST> <Info> <org.hibernate.validator.engine.resolver.DefaultTraversableResolver> <w530> <Server-1> <[STANDBY] ExecuteThread: '5' for queue: 'weblogic.kernel.Default (self-tuning)'> <<WLS Kernel>> <> <> <1474696855768> <BEA-000000> <Instantiated an instance of org.hibernate.validator.engine.resolver.JPATraversableResolver.> 
####<Sep 24, 2016 9:00:56 AM EEST> <Info> <Deployer> <w530> <Server-1> <[STANDBY] ExecuteThread: '5' for queue: 'weblogic.kernel.Default (self-tuning)'> <<WLS Kernel>> <> <> <1474696856689> <BEA-149059> <Module /jms-demo of application spring-boot-weblogic-jms-ear-1.0-SNAPSHOT is transitioning from STATE_ADMIN to STATE_PREPARED on server Server-1.> 
####<Sep 24, 2016 9:00:56 AM EEST> <Info> <Deployer> <w530> <Server-1> <[STANDBY] ExecuteThread: '5' for queue: 'weblogic.kernel.Default (self-tuning)'> <<WLS Kernel>> <> <> <1474696856691> <BEA-149060> <Module /jms-demo of application spring-boot-weblogic-jms-ear-1.0-SNAPSHOT successfully transitioned from STATE_ADMIN to STATE_PREPARED on server Server-1.> 
####<Sep 24, 2016 9:00:56 AM EEST> <Info> <Deployer> <w530> <Server-1> <[STANDBY] ExecuteThread: '5' for queue: 'weblogic.kernel.Default (self-tuning)'> <<WLS Kernel>> <> <> <1474696856694> <BEA-149059> <Module /jms-demo of application spring-boot-weblogic-jms-ear-1.0-SNAPSHOT is transitioning from STATE_PREPARED to STATE_NEW on server Server-1.> 
####<Sep 24, 2016 9:00:56 AM EEST> <Info> <Deployer> <w530> <Server-1> <[STANDBY] ExecuteThread: '5' for queue: 'weblogic.kernel.Default (self-tuning)'> <<WLS Kernel>> <> <> <1474696856696> <BEA-149060> <Module /jms-demo of application spring-boot-weblogic-jms-ear-1.0-SNAPSHOT successfully transitioned from STATE_PREPARED to STATE_NEW on server Server-1.> 
####<Sep 24, 2016 9:00:56 AM EEST> <Error> <Deployer> <w530> <Server-1> <[STANDBY] ExecuteThread: '5' for queue: 'weblogic.kernel.Default (self-tuning)'> <<WLS Kernel>> <> <> <1474696856717> <BEA-149265> <Failure occurred in the execution of deployment request with ID "2509626139646" for task "19". Error is: "weblogic.application.ModuleException: java.lang.IllegalStateException: No record found for selection of Trigger with key: 'DEFAULT.Sampler Trigger' and statement: SELECT * FROM QRTZ_SIMPLE_TRIGGERS WHERE SCHED_NAME = 'Demo Scheduler' AND TRIGGER_NAME = ? AND TRIGGER_GROUP = ?"
weblogic.application.ModuleException: java.lang.IllegalStateException: No record found for selection of Trigger with key: 'DEFAULT.Sampler Trigger' and statement: SELECT * FROM QRTZ_SIMPLE_TRIGGERS WHERE SCHED_NAME = 'Demo Scheduler' AND TRIGGER_NAME = ? AND TRIGGER_GROUP = ?
	at weblogic.application.internal.ExtensibleModuleWrapper.start(ExtensibleModuleWrapper.java:140)
	at weblogic.application.internal.flow.ModuleListenerInvoker.start(ModuleListenerInvoker.java:124)
	at weblogic.application.internal.flow.ModuleStateDriver$3.next(ModuleStateDriver.java:216)
	at weblogic.application.internal.flow.ModuleStateDriver$3.next(ModuleStateDriver.java:211)
	at weblogic.application.utils.StateMachineDriver.nextState(StateMachineDriver.java:42)
	at weblogic.application.internal.flow.ModuleStateDriver.start(ModuleStateDriver.java:73)
	at weblogic.application.internal.flow.StartModulesFlow.activate(StartModulesFlow.java:24)
	at weblogic.application.internal.BaseDeployment$2.next(BaseDeployment.java:729)
	at weblogic.application.utils.StateMachineDriver.nextState(StateMachineDriver.java:42)
	at weblogic.application.internal.BaseDeployment.activate(BaseDeployment.java:258)
	at weblogic.application.internal.EarDeployment.activate(EarDeployment.java:61)
	at weblogic.application.internal.DeploymentStateChecker.activate(DeploymentStateChecker.java:165)
	at weblogic.deploy.internal.targetserver.AppContainerInvoker.activate(AppContainerInvoker.java:80)
	at weblogic.deploy.internal.targetserver.operations.AbstractOperation.activate(AbstractOperation.java:587)
	at weblogic.deploy.internal.targetserver.operations.ActivateOperation.activateDeployment(ActivateOperation.java:150)
	at weblogic.deploy.internal.targetserver.operations.ActivateOperation.doCommit(ActivateOperation.java:116)
	at weblogic.deploy.internal.targetserver.operations.AbstractOperation.commit(AbstractOperation.java:339)
	at weblogic.deploy.internal.targetserver.DeploymentManager.handleDeploymentCommit(DeploymentManager.java:846)
	at weblogic.deploy.internal.targetserver.DeploymentManager.activateDeploymentList(DeploymentManager.java:1275)
	at weblogic.deploy.internal.targetserver.DeploymentManager.handleCommit(DeploymentManager.java:442)
	at weblogic.deploy.internal.targetserver.DeploymentServiceDispatcher.commit(DeploymentServiceDispatcher.java:176)
	at weblogic.deploy.service.internal.targetserver.DeploymentReceiverCallbackDeliverer.doCommitCallback(DeploymentReceiverCallbackDeliverer.java:195)
	at weblogic.deploy.service.internal.targetserver.DeploymentReceiverCallbackDeliverer.access$100(DeploymentReceiverCallbackDeliverer.java:13)
	at weblogic.deploy.service.internal.targetserver.DeploymentReceiverCallbackDeliverer$2.run(DeploymentReceiverCallbackDeliverer.java:68)
	at weblogic.work.SelfTuningWorkManagerImpl$WorkAdapterImpl.run(SelfTuningWorkManagerImpl.java:553)
	at weblogic.work.ExecuteThread.execute(ExecuteThread.java:311)
	at weblogic.work.ExecuteThread.run(ExecuteThread.java:263)
Caused By: java.lang.IllegalStateException: No record found for selection of Trigger with key: 'DEFAULT.Sampler Trigger' and statement: SELECT * FROM QRTZ_SIMPLE_TRIGGERS WHERE SCHED_NAME = 'Demo Scheduler' AND TRIGGER_NAME = ? AND TRIGGER_GROUP = ?
	at org.quartz.impl.jdbcjobstore.SimpleTriggerPersistenceDelegate.loadExtendedTriggerProperties(SimpleTriggerPersistenceDelegate.java:95)
	at org.quartz.impl.jdbcjobstore.StdJDBCDelegate.selectTrigger(StdJDBCDelegate.java:1819)
	at org.quartz.impl.jdbcjobstore.JobStoreSupport.retrieveTrigger(JobStoreSupport.java:1531)
	at org.quartz.impl.jdbcjobstore.JobStoreSupport$12.execute(JobStoreSupport.java:1522)
	at org.quartz.impl.jdbcjobstore.JobStoreCMT.executeInLock(JobStoreCMT.java:245)
	at org.quartz.impl.jdbcjobstore.JobStoreSupport.executeWithoutLock(JobStoreSupport.java:3739)
	at org.quartz.impl.jdbcjobstore.JobStoreSupport.retrieveTrigger(JobStoreSupport.java:1519)
	at org.quartz.core.QuartzScheduler.getTrigger(QuartzScheduler.java:1530)
	at org.quartz.core.QuartzScheduler.rescheduleJob(QuartzScheduler.java:1126)
	at org.quartz.impl.StdScheduler.rescheduleJob(StdScheduler.java:321)
	at org.springframework.scheduling.quartz.SchedulerAccessor.addTriggerToScheduler(SchedulerAccessor.java:302)
	at org.springframework.scheduling.quartz.SchedulerAccessor.registerJobsAndTriggers(SchedulerAccessor.java:235)
	at org.springframework.scheduling.quartz.SchedulerFactoryBean.afterPropertiesSet(SchedulerFactoryBean.java:512)
	at org.springframework.beans.factory.support.AbstractAutowireCapableBeanFactory.invokeInitMethods(AbstractAutowireCapableBeanFactory.java:1642)
	at org.springframework.beans.factory.support.AbstractAutowireCapableBeanFactory.initializeBean(AbstractAutowireCapableBeanFactory.java:1579)
	at org.springframework.beans.factory.support.AbstractAutowireCapableBeanFactory.doCreateBean(AbstractAutowireCapableBeanFactory.java:545)
	at org.springframework.beans.factory.support.AbstractAutowireCapableBeanFactory.createBean(AbstractAutowireCapableBeanFactory.java:482)
	at org.springframework.beans.factory.support.AbstractBeanFactory$1.getObject(AbstractBeanFactory.java:306)
	at org.springframework.beans.factory.support.DefaultSingletonBeanRegistry.getSingleton(DefaultSingletonBeanRegistry.java:230)
	at org.springframework.beans.factory.support.AbstractBeanFactory.doGetBean(AbstractBeanFactory.java:302)
	at org.springframework.beans.factory.support.AbstractBeanFactory.getBean(AbstractBeanFactory.java:197)
	at org.springframework.beans.factory.support.DefaultListableBeanFactory.preInstantiateSingletons(DefaultListableBeanFactory.java:732)
	at org.springframework.context.support.AbstractApplicationContext.finishBeanFactoryInitialization(AbstractApplicationContext.java:861)
	at org.springframework.context.support.AbstractApplicationContext.refresh(AbstractApplicationContext.java:541)
	at org.springframework.boot.context.embedded.EmbeddedWebApplicationContext.refresh(EmbeddedWebApplicationContext.java:122)
	at org.springframework.boot.SpringApplication.refresh(SpringApplication.java:761)
	at org.springframework.boot.SpringApplication.refreshContext(SpringApplication.java:371)
	at org.springframework.boot.SpringApplication.run(SpringApplication.java:315)
	at org.springframework.boot.web.support.SpringBootServletInitializer.run(SpringBootServletInitializer.java:151)
	at org.springframework.boot.web.support.SpringBootServletInitializer.createRootApplicationContext(SpringBootServletInitializer.java:131)
	at org.springframework.boot.web.support.SpringBootServletInitializer.onStartup(SpringBootServletInitializer.java:86)
	at org.springframework.web.SpringServletContainerInitializer.onStartup(SpringServletContainerInitializer.java:169)
	at weblogic.servlet.internal.WebAppServletContext.initContainerInitializer(WebAppServletContext.java:1394)
	at weblogic.servlet.internal.WebAppServletContext.initContainerInitializers(WebAppServletContext.java:1331)
	at weblogic.servlet.internal.WebAppServletContext.initContainerInitializers(WebAppServletContext.java:1317)
	at weblogic.servlet.internal.WebAppServletContext.preloadResources(WebAppServletContext.java:1834)
	at weblogic.servlet.internal.WebAppServletContext.start(WebAppServletContext.java:2876)
	at weblogic.servlet.internal.WebAppModule.startContexts(WebAppModule.java:1661)
	at weblogic.servlet.internal.WebAppModule.start(WebAppModule.java:823)
	at weblogic.application.internal.ExtensibleModuleWrapper$StartStateChange.next(ExtensibleModuleWrapper.java:360)
	at weblogic.application.internal.ExtensibleModuleWrapper$StartStateChange.next(ExtensibleModuleWrapper.java:356)
	at weblogic.application.utils.StateMachineDriver.nextState(StateMachineDriver.java:42)
	at weblogic.application.internal.ExtensibleModuleWrapper.start(ExtensibleModuleWrapper.java:138)
	at weblogic.application.internal.flow.ModuleListenerInvoker.start(ModuleListenerInvoker.java:124)
	at weblogic.application.internal.flow.ModuleStateDriver$3.next(ModuleStateDriver.java:216)
	at weblogic.application.internal.flow.ModuleStateDriver$3.next(ModuleStateDriver.java:211)
	at weblogic.application.utils.StateMachineDriver.nextState(StateMachineDriver.java:42)
	at weblogic.application.internal.flow.ModuleStateDriver.start(ModuleStateDriver.java:73)
	at weblogic.application.internal.flow.StartModulesFlow.activate(StartModulesFlow.java:24)
	at weblogic.application.internal.BaseDeployment$2.next(BaseDeployment.java:729)
	at weblogic.application.utils.StateMachineDriver.nextState(StateMachineDriver.java:42)
	at weblogic.application.internal.BaseDeployment.activate(BaseDeployment.java:258)
	at weblogic.application.internal.EarDeployment.activate(EarDeployment.java:61)
	at weblogic.application.internal.DeploymentStateChecker.activate(DeploymentStateChecker.java:165)
	at weblogic.deploy.internal.targetserver.AppContainerInvoker.activate(AppContainerInvoker.java:80)
	at weblogic.deploy.internal.targetserver.operations.AbstractOperation.activate(AbstractOperation.java:587)
	at weblogic.deploy.internal.targetserver.operations.ActivateOperation.activateDeployment(ActivateOperation.java:150)
	at weblogic.deploy.internal.targetserver.operations.ActivateOperation.doCommit(ActivateOperation.java:116)
	at weblogic.deploy.internal.targetserver.operations.AbstractOperation.commit(AbstractOperation.java:339)
	at weblogic.deploy.internal.targetserver.DeploymentManager.handleDeploymentCommit(DeploymentManager.java:846)
	at weblogic.deploy.internal.targetserver.DeploymentManager.activateDeploymentList(DeploymentManager.java:1275)
	at weblogic.deploy.internal.targetserver.DeploymentManager.handleCommit(DeploymentManager.java:442)
	at weblogic.deploy.internal.targetserver.DeploymentServiceDispatcher.commit(DeploymentServiceDispatcher.java:176)
	at weblogic.deploy.service.internal.targetserver.DeploymentReceiverCallbackDeliverer.doCommitCallback(DeploymentReceiverCallbackDeliverer.java:195)
	at weblogic.deploy.service.internal.targetserver.DeploymentReceiverCallbackDeliverer.access$100(DeploymentReceiverCallbackDeliverer.java:13)
	at weblogic.deploy.service.internal.targetserver.DeploymentReceiverCallbackDeliverer$2.run(DeploymentReceiverCallbackDeliverer.java:68)
	at weblogic.work.SelfTuningWorkManagerImpl$WorkAdapterImpl.run(SelfTuningWorkManagerImpl.java:553)
	at weblogic.work.ExecuteThread.execute(ExecuteThread.java:311)
	at weblogic.work.ExecuteThread.run(ExecuteThread.java:263)
> 
####<Sep 24, 2016 9:00:56 AM EEST> <Error> <Deployer> <w530> <Server-1> <[STANDBY] ExecuteThread: '5' for queue: 'weblogic.kernel.Default (self-tuning)'> <<WLS Kernel>> <> <> <1474696856728> <BEA-149202> <Encountered an exception while attempting to commit the 1 task for the application "spring-boot-weblogic-jms-ear-1.0-SNAPSHOT".> 
####<Sep 24, 2016 9:00:57 AM EEST> <Info> <Health> <w530> <Server-1> <weblogic.GCMonitor> <<anonymous>> <> <> <1474696857498> <BEA-310002> <54% of the total memory in the server is free.> 
